**
(observers_are_all_you_need.tex
LaTeX2e <2021-11-15> patch level 1
L3 programming layer <2022-02-24> (article.cls
Document Class: article 2021/10/04 v1.4n Standard LaTeX document class
(size11.clo
File: size11.clo 2021/10/04 v1.4n Standard LaTeX file (size option)
)
\c@part=\count181
\c@section=\count182
\c@subsection=\count183
\c@subsubsection=\count184
\c@paragraph=\count185
\c@subparagraph=\count186
\c@figure=\count187
\c@table=\count188
\abovecaptionskip=\skip47
\belowcaptionskip=\skip48
\bibindent=\dimen138
) (fontenc.sty
Package: fontenc 2021/04/29 v2.0v Standard LaTeX package
LaTeX Font Info:    Trying to load font information for T1+lmr on input line 11
2.
 (t1lmr.fd
File: t1lmr.fd 2015/05/01 v1.6.1 Font defs for Latin Modern
)) (inputenc.sty
Package: inputenc 2021/02/14 v1.3d Input encoding file
\inpenc@prehook=\toks16
\inpenc@posthook=\toks17


Package inputenc Warning: inputenc package ignored with utf8 based engines.

) (lmodern.sty
Package: lmodern 2015/05/01 v1.6.1 Latin Modern Fonts
LaTeX Font Info:    Overwriting symbol font `operators' in version `normal'
(Font)                  OT1/cmr/m/n --> OT1/lmr/m/n on input line 22.
LaTeX Font Info:    Overwriting symbol font `letters' in version `normal'
(Font)                  OML/cmm/m/it --> OML/lmm/m/it on input line 23.
LaTeX Font Info:    Overwriting symbol font `symbols' in version `normal'
(Font)                  OMS/cmsy/m/n --> OMS/lmsy/m/n on input line 24.
LaTeX Font Info:    Overwriting symbol font `largesymbols' in version `normal'
(Font)                  OMX/cmex/m/n --> OMX/lmex/m/n on input line 25.
LaTeX Font Info:    Overwriting symbol font `operators' in version `bold'
(Font)                  OT1/cmr/bx/n --> OT1/lmr/bx/n on input line 26.
LaTeX Font Info:    Overwriting symbol font `letters' in version `bold'
(Font)                  OML/cmm/b/it --> OML/lmm/b/it on input line 27.
LaTeX Font Info:    Overwriting symbol font `symbols' in version `bold'
(Font)                  OMS/cmsy/b/n --> OMS/lmsy/b/n on input line 28.
LaTeX Font Info:    Overwriting symbol font `largesymbols' in version `bold'
(Font)                  OMX/cmex/m/n --> OMX/lmex/m/n on input line 29.
LaTeX Font Info:    Overwriting math alphabet `\mathbf' in version `normal'
(Font)                  OT1/cmr/bx/n --> OT1/lmr/bx/n on input line 31.
LaTeX Font Info:    Overwriting math alphabet `\mathsf' in version `normal'
(Font)                  OT1/cmss/m/n --> OT1/lmss/m/n on input line 32.
LaTeX Font Info:    Overwriting math alphabet `\mathit' in version `normal'
(Font)                  OT1/cmr/m/it --> OT1/lmr/m/it on input line 33.
LaTeX Font Info:    Overwriting math alphabet `\mathtt' in version `normal'
(Font)                  OT1/cmtt/m/n --> OT1/lmtt/m/n on input line 34.
LaTeX Font Info:    Overwriting math alphabet `\mathbf' in version `bold'
(Font)                  OT1/cmr/bx/n --> OT1/lmr/bx/n on input line 35.
LaTeX Font Info:    Overwriting math alphabet `\mathsf' in version `bold'
(Font)                  OT1/cmss/bx/n --> OT1/lmss/bx/n on input line 36.
LaTeX Font Info:    Overwriting math alphabet `\mathit' in version `bold'
(Font)                  OT1/cmr/bx/it --> OT1/lmr/bx/it on input line 37.
LaTeX Font Info:    Overwriting math alphabet `\mathtt' in version `bold'
(Font)                  OT1/cmtt/m/n --> OT1/lmtt/m/n on input line 38.
) (geometry.sty
Package: geometry 2020/01/02 v5.9 Page Geometry
 (keyval.sty
Package: keyval 2014/10/28 v1.15 key=value parser (DPC)
\KV@toks@=\toks18
) (ifvtex.sty
Package: ifvtex 2019/10/25 v1.7 ifvtex legacy package. Use iftex instead.
 (iftex.sty
Package: iftex 2022/02/03 v1.0f TeX engine tests
))
\Gm@cnth=\count189
\Gm@cntv=\count190
\c@Gm@tempcnt=\count191
\Gm@bindingoffset=\dimen139
\Gm@wd@mp=\dimen140
\Gm@odd@mp=\dimen141
\Gm@even@mp=\dimen142
\Gm@layoutwidth=\dimen143
\Gm@layoutheight=\dimen144
\Gm@layouthoffset=\dimen145
\Gm@layoutvoffset=\dimen146
\Gm@dimlist=\toks19
)
(amsmath.sty
Package: amsmath 2021/10/15 v2.17l AMS math features
\@mathmargin=\skip49

For additional information on amsmath, use the `?' option.
(amstext.sty
Package: amstext 2021/08/26 v2.01 AMS text
 (amsgen.sty
File: amsgen.sty 1999/11/30 v2.0 generic functions
\@emptytoks=\toks20
\ex@=\dimen147
)) (amsbsy.sty
Package: amsbsy 1999/11/29 v1.2d Bold Symbols
\pmbraise@=\dimen148
) (amsopn.sty
Package: amsopn 2021/08/26 v2.02 operator names
)
\inf@bad=\count192
LaTeX Info: Redefining \frac on input line 234.
\uproot@=\count193
\leftroot@=\count194
LaTeX Info: Redefining \overline on input line 399.
\classnum@=\count195
\DOTSCASE@=\count196
LaTeX Info: Redefining \ldots on input line 496.
LaTeX Info: Redefining \dots on input line 499.
LaTeX Info: Redefining \cdots on input line 620.
\Mathstrutbox@=\box50
\strutbox@=\box51
\big@size=\dimen149
LaTeX Font Info:    Redeclaring font encoding OML on input line 743.
LaTeX Font Info:    Redeclaring font encoding OMS on input line 744.
\macc@depth=\count197
\c@MaxMatrixCols=\count198
\dotsspace@=\muskip16
\c@parentequation=\count199
\dspbrk@lvl=\count266
\tag@help=\toks21
\row@=\count267
\column@=\count268
\maxfields@=\count269
\andhelp@=\toks22
\eqnshift@=\dimen150
\alignsep@=\dimen151
\tagshift@=\dimen152
\tagwidth@=\dimen153
\totwidth@=\dimen154
\lineht@=\dimen155
\@envbody=\toks23
\multlinegap=\skip50
\multlinetaggap=\skip51
\mathdisplay@stack=\toks24
LaTeX Info: Redefining \[ on input line 2938.
LaTeX Info: Redefining \] on input line 2939.
) (amssymb.sty
Package: amssymb 2013/01/14 v3.01 AMS font symbols

(amsfonts.sty
Package: amsfonts 2013/01/14 v3.01 Basic AMSFonts support
\symAMSa=\mathgroup4
\symAMSb=\mathgroup5
LaTeX Font Info:    Redeclaring math symbol \hbar on input line 98.
LaTeX Font Info:    Overwriting math alphabet `\mathfrak' in version `bold'
(Font)                  U/euf/m/n --> U/euf/b/n on input line 106.
)) (amsthm.sty
Package: amsthm 2020/05/29 v2.20.6
\thm@style=\toks25
\thm@bodyfont=\toks26
\thm@headfont=\toks27
\thm@notefont=\toks28
\thm@headpunct=\toks29
\thm@preskip=\skip52
\thm@postskip=\skip53
\thm@headsep=\skip54
\dth@everypar=\toks30
) (mathtools.sty
Package: mathtools 2022/02/07 v1.28a mathematical typesetting tools
 (calc.sty
Package: calc 2017/05/25 v4.3 Infix arithmetic (KKT,FJ)
\calc@Acount=\count270
\calc@Bcount=\count271
\calc@Adimen=\dimen156
\calc@Bdimen=\dimen157
\calc@Askip=\skip55
\calc@Bskip=\skip56
LaTeX Info: Redefining \setlength on input line 80.
LaTeX Info: Redefining \addtolength on input line 81.
\calc@Ccount=\count272
\calc@Cskip=\skip57
) (mhsetup.sty
Package: mhsetup 2021/03/18 v1.4 programming setup (MH)
)
\g_MT_multlinerow_int=\count273
\l_MT_multwidth_dim=\dimen158
\origjot=\skip58
\l_MT_shortvdotswithinadjustabove_dim=\dimen159
\l_MT_shortvdotswithinadjustbelow_dim=\dimen160
\l_MT_above_intertext_sep=\dimen161
\l_MT_below_intertext_sep=\dimen162
\l_MT_above_shortintertext_sep=\dimen163
\l_MT_below_shortintertext_sep=\dimen164
\xmathstrut@box=\box52
\xmathstrut@dim=\dimen165
) (bm.sty
Package: bm 2021/04/25 v1.2e Bold Symbol Support (DPC/FMi)
\symboldoperators=\mathgroup6
\symboldletters=\mathgroup7
\symboldsymbols=\mathgroup8
Package bm Info: No bold for \OMX/lmex/m/n, using \pmb.
Package bm Info: No bold for \U/msa/m/n, using \pmb.
Package bm Info: No bold for \U/msb/m/n, using \pmb.
LaTeX Font Info:    Redeclaring math alphabet \mathbf on input line 149.
)
(longtable.sty
Package: longtable 2021-09-01 v4.17 Multi-page Table package (DPC)
\LTleft=\skip59
\LTright=\skip60
\LTpre=\skip61
\LTpost=\skip62
\LTchunksize=\count274
\LTcapwidth=\dimen166
\LT@head=\box53
\LT@firsthead=\box54
\LT@foot=\box55
\LT@lastfoot=\box56
\LT@gbox=\box57
\LT@cols=\count275
\LT@rows=\count276
\c@LT@tables=\count277
\c@LT@chunks=\count278
\LT@p@ftn=\toks31
) (booktabs.sty
Package: booktabs 2020/01/12 v1.61803398 Publication quality tables
\heavyrulewidth=\dimen167
\lightrulewidth=\dimen168
\cmidrulewidth=\dimen169
\belowrulesep=\dimen170
\belowbottomsep=\dimen171
\aboverulesep=\dimen172
\abovetopsep=\dimen173
\cmidrulesep=\dimen174
\cmidrulekern=\dimen175
\defaultaddspace=\dimen176
\@cmidla=\count279
\@cmidlb=\count280
\@aboverulesep=\dimen177
\@belowrulesep=\dimen178
\@thisruleclass=\count281
\@lastruleclass=\count282
\@thisrulewidth=\dimen179
) (array.sty
Package: array 2021/10/04 v2.5f Tabular extension package (FMi)
\col@sep=\dimen180
\ar@mcellbox=\box58
\extrarowheight=\dimen181
\NC@list=\toks32
\extratabsurround=\skip63
\backup@length=\skip64
\ar@cellbox=\box59
) (multirow.sty
Package: multirow 2021/03/15 v2.8 Span multiple rows of a table
\multirow@colwidth=\skip65
\multirow@cntb=\count283
\multirow@dima=\skip66
\bigstrutjot=\dimen182
) (textcomp.sty
Package: textcomp 2020/02/02 v2.0n Standard LaTeX package
)
(graphicx.sty
Package: graphicx 2021/09/16 v1.2d Enhanced LaTeX Graphics (DPC,SPQR)
 (graphics.sty
Package: graphics 2021/03/04 v1.4d Standard LaTeX Graphics (DPC,SPQR)
 (trig.sty
Package: trig 2021/08/11 v1.11 sin cos tan (DPC)
) (graphics.cfg
File: graphics.cfg 2016/06/04 v1.11 sample graphics configuration
)
Package graphics Info: Driver file: xetex.def on input line 107.
 (xetex.def
File: xetex.def 2021/03/18 v5.0k Graphics/color driver for xetex
))
\Gin@req@height=\dimen183
\Gin@req@width=\dimen184
)
(enumitem.sty
Package: enumitem 2019/06/20 v3.9 Customized lists
\labelindent=\skip67
\enit@outerparindent=\dimen185
\enit@toks=\toks33
\enit@inbox=\box60
\enit@count@id=\count284
\enitdp@description=\count285
) (xcolor.sty
Package: xcolor 2021/10/31 v2.13 LaTeX color extensions (UK)
 (color.cfg
File: color.cfg 2016/01/02 v1.6 sample color configuration
)
Package xcolor Info: Driver file: xetex.def on input line 227.
Package xcolor Info: Model `cmy' substituted by `cmy0' on input line 1352.
Package xcolor Info: Model `RGB' extended on input line 1368.
Package xcolor Info: Model `HTML' substituted by `rgb' on input line 1370.
Package xcolor Info: Model `Hsb' substituted by `hsb' on input line 1371.
Package xcolor Info: Model `tHsb' substituted by `hsb' on input line 1372.
Package xcolor Info: Model `HSB' substituted by `hsb' on input line 1373.
Package xcolor Info: Model `Gray' substituted by `gray' on input line 1374.
Package xcolor Info: Model `wave' substituted by `hsb' on input line 1375.
) (framed.sty
Package: framed 2011/10/22 v 0.96: framed or shaded text with page breaks
\OuterFrameSep=\skip68
\fb@frw=\dimen186
\fb@frh=\dimen187
\FrameRule=\dimen188
\FrameSep=\dimen189
) (fancyvrb.sty
Package: fancyvrb 2021/12/21 4.1b verbatim text (tvz,hv)
\FV@CodeLineNo=\count286
\FV@InFile=\read2
\FV@TabBox=\box61
\c@FancyVerbLine=\count287
\FV@StepNumber=\count288
\FV@OutFile=\write3
)
(ragged2e.sty
Package: ragged2e 2021/12/15 v3.1 ragged2e Package
\CenteringLeftskip=\skip69
\RaggedLeftLeftskip=\skip70
\RaggedRightLeftskip=\skip71
\CenteringRightskip=\skip72
\RaggedLeftRightskip=\skip73
\RaggedRightRightskip=\skip74
\CenteringParfillskip=\skip75
\RaggedLeftParfillskip=\skip76
\RaggedRightParfillskip=\skip77
\JustifyingParfillskip=\skip78
\CenteringParindent=\skip79
\RaggedLeftParindent=\skip80
\RaggedRightParindent=\skip81
\JustifyingParindent=\skip82
) (hyperref.sty
Package: hyperref 2022-02-21 v7.00n Hypertext links for LaTeX
 (ltxcmds.sty
Package: ltxcmds 2020-05-10 v1.25 LaTeX kernel commands for general use (HO)
) (pdftexcmds.sty
Package: pdftexcmds 2020-06-27 v0.33 Utility functions of pdfTeX for LuaTeX (HO
)
 (infwarerr.sty
Package: infwarerr 2019/12/03 v1.5 Providing info/warning/error messages (HO)
)
Package pdftexcmds Info: \pdf@primitive is available.
Package pdftexcmds Info: \pdf@ifprimitive is available.
Package pdftexcmds Info: \pdfdraftmode not found.
)
(kvsetkeys.sty
Package: kvsetkeys 2019/12/15 v1.18 Key value parser (HO)
) (kvdefinekeys.sty
Package: kvdefinekeys 2019-12-19 v1.6 Define keys (HO)
) (pdfescape.sty
Package: pdfescape 2019/12/09 v1.15 Implements pdfTeX's escape features (HO)
) (hycolor.sty
Package: hycolor 2020-01-27 v1.10 Color options for hyperref/bookmark (HO)
)
(letltxmacro.sty
Package: letltxmacro 2019/12/03 v1.6 Let assignment for LaTeX macros (HO)
) (auxhook.sty
Package: auxhook 2019-12-17 v1.6 Hooks for auxiliary files (HO)
) (kvoptions.sty
Package: kvoptions 2020-10-07 v3.14 Key value format for package options (HO)
)
\@linkdim=\dimen190
\Hy@linkcounter=\count289
\Hy@pagecounter=\count290
 (pd1enc.def
File: pd1enc.def 2022-02-21 v7.00n Hyperref: PDFDocEncoding definition (HO)
) (intcalc.sty
Package: intcalc 2019/12/15 v1.3 Expandable calculations with integers (HO)
)
(etexcmds.sty
Package: etexcmds 2019/12/15 v1.7 Avoid name clashes with e-TeX commands (HO)
)
\Hy@SavedSpaceFactor=\count291
 (puenc.def
File: puenc.def 2022-02-21 v7.00n Hyperref: PDF Unicode definition (HO)
)
Package hyperref Info: Hyper figures OFF on input line 4137.
Package hyperref Info: Link nesting OFF on input line 4142.
Package hyperref Info: Hyper index ON on input line 4145.
Package hyperref Info: Plain pages OFF on input line 4152.
Package hyperref Info: Backreferencing OFF on input line 4157.
Package hyperref Info: Implicit mode ON; LaTeX internals redefined.
Package hyperref Info: Bookmarks ON on input line 4390.
\c@Hy@tempcnt=\count292
 (url.sty
\Urlmuskip=\muskip17
Package: url 2013/09/16  ver 3.4  Verb mode for urls, etc.
)
LaTeX Info: Redefining \url on input line 4749.
\XeTeXLinkMargin=\dimen191
 (bitset.sty
Package: bitset 2019/12/09 v1.3 Handle bit-vector datatype (HO)
 (bigintcalc.sty
Package: bigintcalc 2019/12/15 v1.5 Expandable calculations on big integers (HO
)
))
\Fld@menulength=\count293
\Field@Width=\dimen192
\Fld@charsize=\dimen193
Package hyperref Info: Hyper figures OFF on input line 6027.
Package hyperref Info: Link nesting OFF on input line 6032.
Package hyperref Info: Hyper index ON on input line 6035.
Package hyperref Info: backreferencing OFF on input line 6042.
Package hyperref Info: Link coloring OFF on input line 6047.
Package hyperref Info: Link coloring with OCG OFF on input line 6052.
Package hyperref Info: PDF/A mode OFF on input line 6057.
LaTeX Info: Redefining \ref on input line 6097.
LaTeX Info: Redefining \pageref on input line 6101.

(atbegshi-ltx.sty
Package: atbegshi-ltx 2021/01/10 v1.0c Emulation of the original atbegshi
package with kernel methods
)
\Hy@abspage=\count294
\c@Item=\count295
\c@Hfootnote=\count296
)
Package hyperref Info: Driver (autodetected): hxetex.
 (hxetex.def
File: hxetex.def 2022-02-21 v7.00n Hyperref driver for XeTeX
 (stringenc.sty
Package: stringenc 2019/11/29 v1.12 Convert strings between diff. encodings (HO
)
)
\pdfm@box=\box62
\c@Hy@AnnotLevel=\count297
\HyField@AnnotCount=\count298
\Fld@listcount=\count299
\c@bookmark@seq@number=\count300
 (rerunfilecheck.sty
Package: rerunfilecheck 2019/12/05 v1.9 Rerun checks for auxiliary files (HO)

(atveryend-ltx.sty
Package: atveryend-ltx 2020/08/19 v1.0a Emulation of the original atveryend pac
kage
with kernel methods
) (uniquecounter.sty
Package: uniquecounter 2019/12/15 v1.4 Provide unlimited unique counter (HO)
)
Package uniquecounter Info: New unique counter `rerunfilecheck' on input line 2
86.
)
\Hy@SectionHShift=\skip83
) (xurl.sty
Package: xurl 2022/01/09 v 0.10 modify URL breaks
) (release_info.tex)
\c@none=\count301
Package hyperref Info: Option `colorlinks' set `true' on input line 116.

(l3backend-xetex.def
File: l3backend-xetex.def 2022-02-07 L3 backend support: XeTeX
\c__kernel_sys_dvipdfmx_version_int=\count302
\l__color_backend_stack_int=\count303
\g__color_backend_stack_int=\count304
\g__graphics_track_int=\count305
\l__pdf_internal_box=\box63
\g__pdf_backend_object_int=\count306
\g__pdf_backend_annotation_int=\count307
\g__pdf_backend_link_int=\count308
) (observers_are_all_you_need.aux)
\openout1 = `observers_are_all_you_need.aux'.

LaTeX Font Info:    Checking defaults for OML/cmm/m/it on input line 142.
LaTeX Font Info:    ... okay on input line 142.
LaTeX Font Info:    Checking defaults for OMS/cmsy/m/n on input line 142.
LaTeX Font Info:    ... okay on input line 142.
LaTeX Font Info:    Checking defaults for OT1/cmr/m/n on input line 142.
LaTeX Font Info:    ... okay on input line 142.
LaTeX Font Info:    Checking defaults for T1/cmr/m/n on input line 142.
LaTeX Font Info:    ... okay on input line 142.
LaTeX Font Info:    Checking defaults for TS1/cmr/m/n on input line 142.
LaTeX Font Info:    Trying to load font information for TS1+cmr on input line 1
42.
 (ts1cmr.fd
File: ts1cmr.fd 2019/12/16 v2.5j Standard LaTeX font definitions
)
LaTeX Font Info:    ... okay on input line 142.
LaTeX Font Info:    Checking defaults for TU/lmr/m/n on input line 142.
LaTeX Font Info:    ... okay on input line 142.
LaTeX Font Info:    Checking defaults for OMX/cmex/m/n on input line 142.
LaTeX Font Info:    ... okay on input line 142.
LaTeX Font Info:    Checking defaults for U/cmr/m/n on input line 142.
LaTeX Font Info:    ... okay on input line 142.
LaTeX Font Info:    Checking defaults for PD1/pdf/m/n on input line 142.
LaTeX Font Info:    ... okay on input line 142.
LaTeX Font Info:    Checking defaults for PU/pdf/m/n on input line 142.
LaTeX Font Info:    ... okay on input line 142.

*geometry* driver: auto-detecting
*geometry* detected driver: xetex
*geometry* verbose mode - [ preamble ] result:
* driver: xetex
* paper: <default>
* layout: <same size as paper>
* layoutoffset:(h,v)=(0.0pt,0.0pt)
* modes: 
* h-part:(L,W,R)=(72.26999pt, 469.75502pt, 72.26999pt)
* v-part:(T,H,B)=(72.26999pt, 650.43001pt, 72.26999pt)
* \paperwidth=614.295pt
* \paperheight=794.96999pt
* \textwidth=469.75502pt
* \textheight=650.43001pt
* \oddsidemargin=0.0pt
* \evensidemargin=0.0pt
* \topmargin=-37.0pt
* \headheight=12.0pt
* \headsep=25.0pt
* \topskip=11.0pt
* \footskip=30.0pt
* \marginparwidth=59.0pt
* \marginparsep=10.0pt
* \columnsep=10.0pt
* \skip\footins=10.0pt plus 4.0pt minus 2.0pt
* \hoffset=0.0pt
* \voffset=0.0pt
* \mag=1000
* \@twocolumnfalse
* \@twosidefalse
* \@mparswitchfalse
* \@reversemarginfalse
* (1in=72.27pt=25.4mm, 1cm=28.453pt)

Package hyperref Info: Link coloring ON on input line 142.
(nameref.sty
Package: nameref 2021-04-02 v2.47 Cross-referencing by name of section
 (refcount.sty
Package: refcount 2019/12/15 v3.6 Data extraction from label references (HO)
) (gettitlestring.sty
Package: gettitlestring 2019/12/15 v1.6 Cleanup title references (HO)
)
\c@section@level=\count309
)
LaTeX Info: Redefining \ref on input line 142.
LaTeX Info: Redefining \pageref on input line 142.
LaTeX Info: Redefining \nameref on input line 142.

(observers_are_all_you_need.out) (observers_are_all_you_need.out)
\@outlinefile=\write4
\openout4 = `observers_are_all_you_need.out'.

LaTeX Font Info:    Trying to load font information for OT1+lmr on input line 1
44.
 (ot1lmr.fd
File: ot1lmr.fd 2015/05/01 v1.6.1 Font defs for Latin Modern
)
LaTeX Font Info:    Trying to load font information for OML+lmm on input line 1
44.

(omllmm.fd
File: omllmm.fd 2015/05/01 v1.6.1 Font defs for Latin Modern
)
LaTeX Font Info:    Trying to load font information for OMS+lmsy on input line 
144.
 (omslmsy.fd
File: omslmsy.fd 2015/05/01 v1.6.1 Font defs for Latin Modern
)
LaTeX Font Info:    Trying to load font information for OMX+lmex on input line 
144.
 (omxlmex.fd
File: omxlmex.fd 2015/05/01 v1.6.1 Font defs for Latin Modern
)
LaTeX Font Info:    External font `lmex10' loaded for size
(Font)              <12> on input line 144.
LaTeX Font Info:    External font `lmex10' loaded for size
(Font)              <8> on input line 144.
LaTeX Font Info:    External font `lmex10' loaded for size
(Font)              <6> on input line 144.
LaTeX Font Info:    Trying to load font information for U+msa on input line 144
.
 (umsa.fd
File: umsa.fd 2013/01/14 v3.01 AMS symbols A
)
LaTeX Font Info:    Trying to load font information for U+msb on input line 144
.
 (umsb.fd
File: umsb.fd 2013/01/14 v3.01 AMS symbols B
)
LaTeX Font Info:    Trying to load font information for T1+lmtt on input line 1
44.
 (t1lmtt.fd
File: t1lmtt.fd 2015/05/01 v1.6.1 Font defs for Latin Modern
)
LaTeX Font Info:    External font `lmex10' loaded for size
(Font)              <10> on input line 147.
LaTeX Font Info:    External font `lmex10' loaded for size
(Font)              <7> on input line 147.
LaTeX Font Info:    External font `lmex10' loaded for size
(Font)              <5> on input line 147.

(observers_are_all_you_need.toc
LaTeX Font Info:    External font `lmex10' loaded for size
(Font)              <10.95> on input line 4.
 [1

])
\tf@toc=\write5
\openout5 = `observers_are_all_you_need.toc'.

 [2] [3] (tex_fragments/PAPER.tex [4]
[5]
LaTeX Font Info:    Trying to load font information for U+euf on input line 55.

 (ueuf.fd
File: ueuf.fd 2013/01/14 v3.01 Euler Fraktur
) [6] [7]
Underfull \hbox (badness 10000) in alignment at lines 196--200
[] []
 []


Underfull \hbox (badness 10000) in alignment at lines 200--202
[] []
 []


Underfull \hbox (badness 10000) in alignment at lines 202--216
[] []
 []

[8]
Underfull \hbox (badness 10000) in alignment at lines 225--229
[] [] [] [] [] []
 []


Underfull \hbox (badness 10000) in alignment at lines 229--231
[] [] [] [] [] []
 []


Underfull \hbox (badness 1009) in paragraph at lines 241--241
[]\T1/lmr/m/n/8 and 
 []


Underfull \hbox (badness 10000) in alignment at lines 231--242
[] [] [] [] [] []
 []

[9] [10] [11] [12] [13] [14] [15] [16] [17] [18] [19] [20] [21] [22] [23]
[24] [25] [26] [27] [28] [29] [30] [31] [32] [33] [34] [35] [36] [37] [38]
[39]
Underfull \hbox (badness 10000) in alignment at lines 1946--1950
[] [] []
 []


Underfull \hbox (badness 10000) in alignment at lines 1950--1952
[] [] []
 []


Underfull \hbox (badness 10000) in alignment at lines 1952--1957
[] [] []
 []

[40] [41]
Underfull \hbox (badness 10000) in alignment at lines 2068--2072
[] [] []
 []


Underfull \hbox (badness 10000) in alignment at lines 2072--2074
[] [] []
 []


Underfull \hbox (badness 10000) in alignment at lines 2074--2080
[] [] []
 []

[42] [43] [44] [45] [46]
Underfull \hbox (badness 10000) in alignment at lines 2446--2450
[] []
 []


Underfull \hbox (badness 10000) in alignment at lines 2450--2452
[] []
 []


Underfull \hbox (badness 10000) in alignment at lines 2452--2457
[] []
 []

[47] [48]
LaTeX Font Info:    Trying to load font information for OT1+lmss on input line 
2497.
 (ot1lmss.fd
File: ot1lmss.fd 2015/05/01 v1.6.1 Font defs for Latin Modern
) [49] [50] [51] [52] [53] [54] [55] [56] [57] [58]
[59] [60] [61]
Underfull \hbox (badness 5652) in paragraph at lines 3211--3211
 []|\T1/lmr/m/n/10.95 h|
 []


Underfull \hbox (badness 4752) in paragraph at lines 3211--3211
 []|\T1/lmr/m/n/10.95 p$[]$|
 []


Underfull \hbox (badness 4752) in paragraph at lines 3211--3211
 []|\T1/lmr/m/n/10.95 p$[]$|
 []


Underfull \hbox (badness 6032) in paragraph at lines 3211--3211
 []|\T1/lmr/m/n/10.95 t|
 []


Underfull \hbox (badness 2221) in paragraph at lines 3211--3212
 []|\T1/lmr/m/n/10.95 g_ent|
 []


Underfull \hbox (badness 10000) in alignment at lines 3209--3213
[] [] [] [] []
 []


Underfull \hbox (badness 10000) in alignment at lines 3213--3215
[] [] [] [] []
 []


Underfull \hbox (badness 4205) in paragraph at lines 3216--3216
 []|\T1/lmr/m/n/10.95 0.5|
 []


Underfull \hbox (badness 2027) in paragraph at lines 3216--3216
 []|\T1/lmr/m/n/10.95 0.8266|
 []


Underfull \hbox (badness 2027) in paragraph at lines 3216--3216
 []|\T1/lmr/m/n/10.95 0.1734|
 []


Underfull \hbox (badness 2635) in paragraph at lines 3216--3216
 []|\T1/lmr/m/n/10.95 0.391|
 []


Underfull \hbox (badness 2635) in paragraph at lines 3216--3217
 []|\T1/lmr/m/n/10.95 0.249|
 []


Underfull \hbox (badness 4205) in paragraph at lines 3217--3217
 []|\T1/lmr/m/n/10.95 1.0|
 []


Underfull \hbox (badness 2027) in paragraph at lines 3217--3217
 []|\T1/lmr/m/n/10.95 0.9612|
 []


Underfull \hbox (badness 2027) in paragraph at lines 3217--3217
 []|\T1/lmr/m/n/10.95 0.0388|
 []


Underfull \hbox (badness 2635) in paragraph at lines 3217--3217
 []|\T1/lmr/m/n/10.95 0.803|
 []


Underfull \hbox (badness 2635) in paragraph at lines 3217--3218
 []|\T1/lmr/m/n/10.95 0.357|
 []


Underfull \hbox (badness 4205) in paragraph at lines 3218--3218
 []|\T1/lmr/m/n/10.95 2.0|
 []


Underfull \hbox (badness 2027) in paragraph at lines 3218--3218
 []|\T1/lmr/m/n/10.95 0.9917|
 []


Underfull \hbox (badness 2027) in paragraph at lines 3218--3218
 []|\T1/lmr/m/n/10.95 0.0083|
 []


Underfull \hbox (badness 2635) in paragraph at lines 3218--3218
 []|\T1/lmr/m/n/10.95 1.194|
 []


Underfull \hbox (badness 2635) in paragraph at lines 3218--3219
 []|\T1/lmr/m/n/10.95 0.436|
 []


Underfull \hbox (badness 10000) in alignment at lines 3215--3219
[] [] [] [] []
 []


Underfull \hbox (badness 10000) in alignment at lines 3225--3229
[] [] [] [] [] [] [] []
 []


Underfull \hbox (badness 10000) in alignment at lines 3229--3231
[] [] [] [] [] [] [] []
 []


Underfull \hbox (badness 10000) in alignment at lines 3231--3237
[] [] [] [] [] [] [] []
 []

[62]
Underfull \hbox (badness 10000) in paragraph at lines 3270--3270
 []|\T1/lmr/m/n/10.95 h|
 []


Underfull \hbox (badness 4531) in paragraph at lines 3270--3270
 []|\T1/lmr/m/n/10.95 Measured ra-tio
 []


Underfull \hbox (badness 1603) in paragraph at lines 3270--3270
 \T1/lmr/m/n/10.95 ln(p$[]$/p$[]$)/ln(p$[]$/p$[]$)|
 []


Underfull \hbox (badness 2393) in paragraph at lines 3270--3271
 []|\T1/lmr/m/n/10.95 Deviation from $\OML/lmm/m/it/10.95 ^^^$$[]$|
 []


Underfull \hbox (badness 10000) in alignment at lines 3268--3272
[] [] []
 []


Underfull \hbox (badness 10000) in alignment at lines 3272--3274
[] [] []
 []


Underfull \hbox (badness 10000) in paragraph at lines 3275--3275
 []|\T1/lmr/m/n/10.95 0.5|
 []


Underfull \hbox (badness 10000) in paragraph at lines 3275--3275
 []|\T1/lmr/m/n/10.95 2.25|
 []


Underfull \hbox (badness 10000) in paragraph at lines 3275--3276
 []|\T1/lmr/m/n/10.95 14%|
 []


Underfull \hbox (badness 10000) in paragraph at lines 3276--3276
 []|\T1/lmr/m/n/10.95 1.0|
 []


Underfull \hbox (badness 10000) in paragraph at lines 3276--3276
 []|\T1/lmr/m/n/10.95 2.51|
 []


Underfull \hbox (badness 10000) in paragraph at lines 3276--3277
 []|\T1/lmr/m/n/10.95 4%|
 []


Underfull \hbox (badness 10000) in paragraph at lines 3277--3277
 []|\T1/lmr/m/n/10.95 2.0|
 []


Underfull \hbox (badness 10000) in paragraph at lines 3277--3277
 []|\T1/lmr/m/n/10.95 2.619|
 []


Underfull \hbox (badness 10000) in paragraph at lines 3277--3278
 []|\T1/lmr/m/n/10.95 < 0.1%|
 []


Underfull \hbox (badness 10000) in alignment at lines 3274--3278
[] [] []
 []

[63]
Underfull \hbox (badness 10000) in alignment at lines 3305--3309
[] [] [] [] [] [] [] []
 []


Underfull \hbox (badness 10000) in alignment at lines 3309--3311
[] [] [] [] [] [] [] []
 []


Underfull \hbox (badness 10000) in alignment at lines 3311--3318
[] [] [] [] [] [] [] []
 []

[64]
Underfull \hbox (badness 4531) in paragraph at lines 3376--3376
 []|\T1/lmr/m/n/10.95 bare g$[]$|
 []


Underfull \hbox (badness 2057) in paragraph at lines 3376--3376
 []|\T1/lmr/m/n/10.95 extracted t
 []


Underfull \hbox (badness 1622) in paragraph at lines 3376--3376
 \T1/lmr/m/n/10.95 (mean$\OMS/lmsy/m/n/10.95 ^^F$\T1/lmr/m/n/10.95 std)|
 []


Underfull \hbox (badness 5667) in paragraph at lines 3376--3376
 []|\T1/lmr/m/n/10.95 g_ent|
 []


Underfull \hbox (badness 10000) in paragraph at lines 3376--3377
 []|\T1/lmr/m/n/10.95 gap|
 []


Underfull \hbox (badness 10000) in alignment at lines 3374--3378
[] [] [] []
 []


Underfull \hbox (badness 10000) in alignment at lines 3378--3380
[] [] [] []
 []


Underfull \hbox (badness 10000) in paragraph at lines 3381--3381
 []|\T1/lmr/m/n/10.95 0.3|
 []


Underfull \hbox (badness 1107) in paragraph at lines 3381--3381
 []|\T1/lmr/m/n/10.95 0.314$\OMS/lmsy/m/n/10.95 ^^F$\T1/lmr/m/n/10.95 0.0005|
 []


Underfull \hbox (badness 6428) in paragraph at lines 3381--3381
 []|\T1/lmr/m/n/10.95 0.224|
 []


Underfull \hbox (badness 7704) in paragraph at lines 3381--3382
 []|\T1/lmr/m/n/10.95 1.92|
 []


Underfull \hbox (badness 10000) in paragraph at lines 3382--3382
 []|\T1/lmr/m/n/10.95 0.5|
 []


Underfull \hbox (badness 1107) in paragraph at lines 3382--3382
 []|\T1/lmr/m/n/10.95 0.539$\OMS/lmsy/m/n/10.95 ^^F$\T1/lmr/m/n/10.95 0.0025|
 []


Underfull \hbox (badness 6428) in paragraph at lines 3382--3382
 []|\T1/lmr/m/n/10.95 0.293|
 []


Underfull \hbox (badness 7704) in paragraph at lines 3382--3383
 []|\T1/lmr/m/n/10.95 1.83|
 []


Underfull \hbox (badness 10000) in paragraph at lines 3383--3383
 []|\T1/lmr/m/n/10.95 0.8|
 []


Underfull \hbox (badness 1521) in paragraph at lines 3383--3383
 []|\T1/lmr/m/n/10.95 0.896$\OMS/lmsy/m/n/10.95 ^^F$\T1/lmr/m/n/10.95 0.012|
 []


Underfull \hbox (badness 6428) in paragraph at lines 3383--3383
 []|\T1/lmr/m/n/10.95 0.378|
 []


Underfull \hbox (badness 7704) in paragraph at lines 3383--3384
 []|\T1/lmr/m/n/10.95 1.72|
 []


Underfull \hbox (badness 10000) in paragraph at lines 3384--3384
 []|\T1/lmr/m/n/10.95 1.0|
 []


Underfull \hbox (badness 1521) in paragraph at lines 3384--3384
 []|\T1/lmr/m/n/10.95 1.144$\OMS/lmsy/m/n/10.95 ^^F$\T1/lmr/m/n/10.95 0.025|
 []


Underfull \hbox (badness 6428) in paragraph at lines 3384--3384
 []|\T1/lmr/m/n/10.95 0.427|
 []


Underfull \hbox (badness 7704) in paragraph at lines 3384--3385
 []|\T1/lmr/m/n/10.95 1.64|
 []


Underfull \hbox (badness 10000) in alignment at lines 3380--3385
[] [] [] []
 []


Underfull \hbox (badness 10000) in paragraph at lines 3401--3401
 []|\T1/lmr/m/n/10.95 bare g$[]$|
 []


Underfull \hbox (badness 10000) in paragraph at lines 3401--3401
 []|\T1/lmr/m/n/10.95 extracted t|
 []


Underfull \hbox (badness 10000) in paragraph at lines 3401--3402
 []|\T1/lmr/m/n/10.95 A_eff|
 []


Underfull \hbox (badness 10000) in alignment at lines 3399--3403
[] [] []
 []


Underfull \hbox (badness 10000) in alignment at lines 3403--3405
[] [] []
 []


Underfull \hbox (badness 10000) in paragraph at lines 3406--3406
 []|\T1/lmr/m/n/10.95 0.3|
 []


Underfull \hbox (badness 10000) in paragraph at lines 3406--3406
 []|\T1/lmr/m/n/10.95 0.314|
 []


Underfull \hbox (badness 10000) in paragraph at lines 3406--3407
 []|\T1/lmr/m/n/10.95 2.093|
 []


Underfull \hbox (badness 10000) in paragraph at lines 3407--3407
 []|\T1/lmr/m/n/10.95 0.5|
 []


Underfull \hbox (badness 10000) in paragraph at lines 3407--3407
 []|\T1/lmr/m/n/10.95 0.539|
 []


Underfull \hbox (badness 10000) in paragraph at lines 3407--3408
 []|\T1/lmr/m/n/10.95 2.156|
 []


Underfull \hbox (badness 10000) in paragraph at lines 3408--3408
 []|\T1/lmr/m/n/10.95 0.8|
 []


Underfull \hbox (badness 10000) in paragraph at lines 3408--3408
 []|\T1/lmr/m/n/10.95 0.896|
 []


Underfull \hbox (badness 10000) in paragraph at lines 3408--3409
 []|\T1/lmr/m/n/10.95 2.240|
 []


Underfull \hbox (badness 10000) in paragraph at lines 3409--3409
 []|\T1/lmr/m/n/10.95 1.0|
 []


Underfull \hbox (badness 10000) in paragraph at lines 3409--3409
 []|\T1/lmr/m/n/10.95 1.144|
 []


Underfull \hbox (badness 10000) in paragraph at lines 3409--3410
 []|\T1/lmr/m/n/10.95 2.288|
 []


Underfull \hbox (badness 10000) in alignment at lines 3405--3410
[] [] []
 []

[65]
Underfull \hbox (badness 3449) in paragraph at lines 3445--3446
[]\T1/lmr/m/n/10.95 Detailed cir-cuits, rep-re-sen-ta-tive raw out-puts, and re
-run in-struc-tions are pub-lic in
 []


Underfull \hbox (badness 2096) in paragraph at lines 3445--3446
\T1/lmr/m/n/10.95 the project write-up [][]\T1/lmtt/m/n/10.95 extra/IBM_QUANTUM
_CLOUD.md[][] \T1/lmr/m/n/10.95 and the as-so-ci-ated code/data bun-dle
 []

[66]
Underfull \hbox (badness 10000) in alignment at lines 3477--3481
[] [] [] [] []
 []


Underfull \hbox (badness 10000) in alignment at lines 3481--3483
[] [] [] [] []
 []


Underfull \hbox (badness 10000) in alignment at lines 3483--3495
[] [] [] [] []
 []

[67] [68] [69] [70]
Underfull \hbox (badness 1960) in paragraph at lines 3618--3620
\T1/lmr/m/n/10.95 and $\OT1/lmr/m/n/10.95 (\OML/lmm/m/it/10.95 g[]; g[]\OT1/lmr
/m/n/10.95 ) = (0\OML/lmm/m/it/10.95 :\OT1/lmr/m/n/10.95 7797392875757557\OML/l
mm/m/it/10.95 ; \OT1/lmr/m/n/10.95 0\OML/lmm/m/it/10.95 :\OT1/lmr/m/n/10.95 121
72551081512113)$ \T1/lmr/m/n/10.95 on \T1/lmtt/m/n/10.95 current_family_only\T1
/lmr/m/n/10.95 ; the
 []

[71] [72]
Underfull \hbox (badness 2277) in paragraph at lines 3648--3649
\T1/lmr/m/n/10.95 The absolute-attachment the-o-rem then emits $\OML/lmm/m/it/1
0.95 B[] \OT1/lmr/m/n/10.95 = \OML/lmm/m/it/10.95 P[]C[] \OT1/lmr/m/n/10.95 = 6
\OML/lmm/m/it/10.95 :\OT1/lmr/m/n/10.95 696004159297337$\T1/lmr/m/n/10.95 ,
 []


Underfull \hbox (badness 1132) in paragraph at lines 3648--3649
\OML/lmm/m/it/10.95 ^^U[] \OT1/lmr/m/n/10.95 = (\OML/lmm/m/it/10.95 m[]=q[]\OT1
/lmr/m/n/10.95 )\OML/lmm/m/it/10.95 P[]C[] \OT1/lmr/m/n/10.95 = 1\OML/lmm/m/it/
10.95 :\OT1/lmr/m/n/10.95 7237014208357415$\T1/lmr/m/n/10.95 , and there-fore t
he ab-so-lute fam-ily
 []

[73] [74] [75] [76]) (tex_fragments/OBSERVERS_SYNTHESIS_SECTIONS.tex [77]
[78]
Underfull \hbox (badness 10000) in alignment at lines 95--99
[] [] [] []
 []


Underfull \hbox (badness 10000) in alignment at lines 99--103
[] [] [] []
 []


Underfull \hbox (badness 10000) in alignment at lines 103--105
[] [] [] []
 []


Underfull \hbox (badness 10000) in alignment at lines 105--113
[] [] [] []
 []


LaTeX Warning: `h' float specifier changed to `ht'.

[79] [80] [81]
Underfull \hbox (badness 2035) in paragraph at lines 265--268
[]\T1/lmr/m/n/10.95 The Lorentz/null-modular/Einstein chain re-mains a con-trol
led refinement/scaling-limit
 []

[82]) (tex_fragments/OBSERVERS_APPENDICES.tex [83] [84] [85] [86]
Underfull \hbox (badness 10000) in alignment at lines 256--261
[] [] []
 []


Underfull \hbox (badness 10000) in alignment at lines 261--265
[] [] []
 []


Underfull \hbox (badness 10000) in alignment at lines 265--267
[] [] []
 []


Underfull \hbox (badness 10000) in paragraph at lines 268--268
\T1/lmr/m/n/10.95 core (con-di-tional
 []


Underfull \hbox (badness 10000) in paragraph at lines 269--269
[]|\T1/lmr/m/n/10.95 Mixed: fixed-
 []


Underfull \hbox (badness 10000) in paragraph at lines 269--269
\T1/lmr/m/n/10.95 cutoff the-o-rem
 []


Underfull \hbox (badness 1796) in paragraph at lines 269--269
\T1/lmr/m/n/10.95 pack-age / con-di-
 []


Underfull \hbox (badness 10000) in paragraph at lines 270--270
[]|\T1/lmr/m/n/10.95 Mixed: fixed-
 []


Underfull \hbox (badness 10000) in paragraph at lines 270--270
\T1/lmr/m/n/10.95 cutoff the-o-rem
 []


Underfull \hbox (badness 4378) in paragraph at lines 270--270
\T1/lmr/m/n/10.95 pack-age / in-ter-
 []


Underfull \hbox (badness 3701) in paragraph at lines 270--271
[]|\T1/lmr/m/n/10.95 Ref. [[]] proves a fixed-cutoff central-record
 []


Underfull \hbox (badness 2027) in paragraph at lines 271--271
[]|\T1/lmr/m/n/10.95 Cosmological prin-ci-ple
 []


Underfull \hbox (badness 10000) in paragraph at lines 271--271
[]|\T1/lmr/m/n/10.95 Interpretive or
 []


Underfull \hbox (badness 10000) in paragraph at lines 271--271
\T1/lmr/m/n/10.95 or-ga-ni-za-tional
 []


Underfull \hbox (badness 10000) in paragraph at lines 272--272
[]|\T1/lmr/m/n/10.95 Interpretive or
 []


Underfull \hbox (badness 10000) in paragraph at lines 272--272
\T1/lmr/m/n/10.95 or-ga-ni-za-tional
 []


Underfull \hbox (badness 10000) in paragraph at lines 273--273
[]|\T1/lmr/m/n/10.95 Phenomenological
 []


Underfull \hbox (badness 3302) in paragraph at lines 274--274
[]|\T1/lmr/m/n/10.95 Cosmological con-stant
 []


Underfull \hbox (badness 10000) in paragraph at lines 274--274
[]|\T1/lmr/m/n/10.95 Phase II input-
 []


Underfull \hbox (badness 10000) in paragraph at lines 274--274
\T1/lmr/m/n/10.95 dependent corol-
 []


Underfull \hbox (badness 1057) in paragraph at lines 275--275
\T1/lmr/m/n/10.95 pec-ta-tion from sim-ple
 []


Underfull \hbox (badness 2401) in paragraph at lines 275--276
[]|\T1/lmr/m/n/10.95 The re-al-ized product-group branch $[]\OT1/lmr/m/n/10.95 
(3) \OMS/lmsy/m/n/10.95 ^^B
 []


Underfull \hbox (badness 8056) in paragraph at lines 276--276
[]|\T1/lmr/m/n/10.95 Proton sta-bil-ity and
 []


Underfull \hbox (badness 10000) in paragraph at lines 277--277
[]|\T1/lmr/m/n/10.95 Dark mat-ter phe-
 []


Underfull \hbox (badness 10000) in paragraph at lines 278--278
[]|\T1/lmr/m/n/10.95 Baryon asym-me-try
 []


Underfull \hbox (badness 10000) in paragraph at lines 279--279
\T1/lmr/m/n/10.95 down-stream fla-vor
 []


Underfull \hbox (badness 10000) in paragraph at lines 281--281
[]|\T1/lmr/m/n/10.95 Interpretive epi-
 []


Underfull \hbox (badness 10000) in alignment at lines 267--282
[] [] []
 []

[87] [88] [89]) (tex_fragments/OBSERVERS_REFERENCES.tex [90]
(tex_fragments/FOUNDATIONAL_REFERENCES.tex [91]
Underfull \hbox (badness 1117) in paragraph at lines 156--160
[]\T1/lmr/m/n/10.95 F. Pastawski, B. Yoshida, D. Har-low, and J. Preskill, ``Ho
lo-graphic quan-tum error-
 []

)) [92] (observers_are_all_you_need.aux)
Package rerunfilecheck Info: File `observers_are_all_you_need.out' has not chan
ged.
(rerunfilecheck)             Checksum: 44D8722719552D3D61BB1C05F057DA86;5923.
 )
Output written on observers_are_all_you_need.xdv (92 pages, 467108 bytes).
